[2025-02-23T20:45:18.169+0530] {taskinstance.py:1159} INFO - Dependencies all met for dep_context=non-requeueable deps ti=<TaskInstance: fraud_detection_workflow.add_time_features manual__2025-02-23T15:15:02.475733+00:00 [queued]>
[2025-02-23T20:45:18.172+0530] {taskinstance.py:1159} INFO - Dependencies all met for dep_context=requeueable deps ti=<TaskInstance: fraud_detection_workflow.add_time_features manual__2025-02-23T15:15:02.475733+00:00 [queued]>
[2025-02-23T20:45:18.172+0530] {taskinstance.py:1361} INFO - Starting attempt 1 of 2
[2025-02-23T20:45:18.177+0530] {taskinstance.py:1382} INFO - Executing <Task(PythonOperator): add_time_features> on 2025-02-23 15:15:02.475733+00:00
[2025-02-23T20:45:18.181+0530] {standard_task_runner.py:57} INFO - Started process 16930 to run task
[2025-02-23T20:45:18.183+0530] {standard_task_runner.py:84} INFO - Running: ['airflow', 'tasks', 'run', 'fraud_detection_workflow', 'add_time_features', 'manual__2025-02-23T15:15:02.475733+00:00', '--job-id', '25', '--raw', '--subdir', 'DAGS_FOLDER/onecode.py', '--cfg-path', '/var/folders/kz/_l5jq2xx6db29k_3xyv2j8n40000gp/T/tmpkdf8zwo4']
[2025-02-23T20:45:18.184+0530] {standard_task_runner.py:85} INFO - Job 25: Subtask add_time_features
[2025-02-23T20:45:18.201+0530] {task_command.py:416} INFO - Running <TaskInstance: fraud_detection_workflow.add_time_features manual__2025-02-23T15:15:02.475733+00:00 [running]> on host ninja-its-macbook-air-90.local
[2025-02-23T20:45:18.273+0530] {taskinstance.py:1662} INFO - Exporting env vars: AIRFLOW_CTX_DAG_OWNER='airflow' AIRFLOW_CTX_DAG_ID='fraud_detection_workflow' AIRFLOW_CTX_TASK_ID='add_time_features' AIRFLOW_CTX_EXECUTION_DATE='2025-02-23T15:15:02.475733+00:00' AIRFLOW_CTX_TRY_NUMBER='1' AIRFLOW_CTX_DAG_RUN_ID='manual__2025-02-23T15:15:02.475733+00:00'
[2025-02-23T20:45:18.301+0530] {xcom.py:661} ERROR - Object of type Timestamp is not JSON serializable. If you are using pickle instead of JSON for XCom, then you need to enable pickle support for XCom in your airflow config or make sure to decorate your object with attr.
[2025-02-23T20:45:18.301+0530] {taskinstance.py:1937} ERROR - Task failed with exception
Traceback (most recent call last):
  File "/Users/nc25577_suryateja/Documents/air_pro/venv/lib/python3.9/site-packages/airflow/utils/json.py", line 91, in default
    return serialize(o)
  File "/Users/nc25577_suryateja/Documents/air_pro/venv/lib/python3.9/site-packages/airflow/serialization/serde.py", line 178, in serialize
    raise TypeError(f"cannot serialize object of type {cls}")
TypeError: cannot serialize object of type <class 'pandas._libs.tslibs.timestamps.Timestamp'>

During handling of the above exception, another exception occurred:

Traceback (most recent call last):
  File "/Users/nc25577_suryateja/Documents/air_pro/venv/lib/python3.9/site-packages/airflow/operators/python.py", line 192, in execute
    return_value = self.execute_callable()
  File "/Users/nc25577_suryateja/Documents/air_pro/venv/lib/python3.9/site-packages/airflow/operators/python.py", line 209, in execute_callable
    return self.python_callable(*self.op_args, **self.op_kwargs)
  File "/Users/nc25577_suryateja/Documents/air_pro/airflow/dags/onecode.py", line 238, in add_time_features
    ti.xcom_push(key='df_with_time_features', value=df.to_dict(orient='records'))
  File "/Users/nc25577_suryateja/Documents/air_pro/venv/lib/python3.9/site-packages/airflow/utils/session.py", line 79, in wrapper
    return func(*args, session=session, **kwargs)
  File "/Users/nc25577_suryateja/Documents/air_pro/venv/lib/python3.9/site-packages/airflow/models/taskinstance.py", line 2479, in xcom_push
    XCom.set(
  File "/Users/nc25577_suryateja/Documents/air_pro/venv/lib/python3.9/site-packages/airflow/utils/session.py", line 76, in wrapper
    return func(*args, **kwargs)
  File "/Users/nc25577_suryateja/Documents/air_pro/venv/lib/python3.9/site-packages/airflow/models/xcom.py", line 244, in set
    value = cls.serialize_value(
  File "/Users/nc25577_suryateja/Documents/air_pro/venv/lib/python3.9/site-packages/airflow/models/xcom.py", line 659, in serialize_value
    return json.dumps(value, cls=XComEncoder).encode("UTF-8")
  File "/Applications/Xcode.app/Contents/Developer/Library/Frameworks/Python3.framework/Versions/3.9/lib/python3.9/json/__init__.py", line 234, in dumps
    return cls(
  File "/Users/nc25577_suryateja/Documents/air_pro/venv/lib/python3.9/site-packages/airflow/utils/json.py", line 104, in encode
    return super().encode(o)
  File "/Applications/Xcode.app/Contents/Developer/Library/Frameworks/Python3.framework/Versions/3.9/lib/python3.9/json/encoder.py", line 199, in encode
    chunks = self.iterencode(o, _one_shot=True)
  File "/Applications/Xcode.app/Contents/Developer/Library/Frameworks/Python3.framework/Versions/3.9/lib/python3.9/json/encoder.py", line 257, in iterencode
    return _iterencode(o, 0)
  File "/Users/nc25577_suryateja/Documents/air_pro/venv/lib/python3.9/site-packages/airflow/utils/json.py", line 93, in default
    return super().default(o)
  File "/Applications/Xcode.app/Contents/Developer/Library/Frameworks/Python3.framework/Versions/3.9/lib/python3.9/json/encoder.py", line 179, in default
    raise TypeError(f'Object of type {o.__class__.__name__} '
TypeError: Object of type Timestamp is not JSON serializable
[2025-02-23T20:45:18.315+0530] {taskinstance.py:1400} INFO - Marking task as UP_FOR_RETRY. dag_id=fraud_detection_workflow, task_id=add_time_features, execution_date=20250223T151502, start_date=20250223T151518, end_date=20250223T151518
[2025-02-23T20:45:18.318+0530] {standard_task_runner.py:104} ERROR - Failed to execute job 25 for task add_time_features (Object of type Timestamp is not JSON serializable; 16930)
[2025-02-23T20:45:18.360+0530] {local_task_job_runner.py:228} INFO - Task exited with return code 1
[2025-02-23T20:45:18.371+0530] {taskinstance.py:2778} INFO - 0 downstream tasks scheduled from follow-on schedule check
